nohup: ignoring input
2025-07-17 05:57:38,233 - main - INFO - Starting PDF Processing Bot...
2025-07-17 05:57:38,525 - httpx - INFO - HTTP Request: POST https://api.telegram.org/bot7598007399:AAG8Zs_E8iifjnUGdyRWqpfcQKHyQV4tIkw/getMe "HTTP/1.1 200 OK"
2025-07-17 05:57:38,629 - httpx - INFO - HTTP Request: POST https://api.telegram.org/bot7598007399:AAG8Zs_E8iifjnUGdyRWqpfcQKHyQV4tIkw/deleteWebhook "HTTP/1.1 200 OK"
2025-07-17 05:57:38,630 - telegram.ext.Application - INFO - Application started
2025-07-17 05:57:48,915 - httpx - INFO - HTTP Request: POST https://api.telegram.org/bot7598007399:AAG8Zs_E8iifjnUGdyRWqpfcQKHyQV4tIkw/getUpdates "HTTP/1.1 200 OK"
2025-07-17 05:57:59,011 - httpx - INFO - HTTP Request: POST https://api.telegram.org/bot7598007399:AAG8Zs_E8iifjnUGdyRWqpfcQKHyQV4tIkw/getUpdates "HTTP/1.1 200 OK"
2025-07-17 05:58:00,687 - httpx - INFO - HTTP Request: POST https://api.telegram.org/bot7598007399:AAG8Zs_E8iifjnUGdyRWqpfcQKHyQV4tIkw/getUpdates "HTTP/1.1 200 OK"
2025-07-17 05:58:01,220 - httpx - INFO - HTTP Request: POST https://api.telegram.org/bot7598007399:AAG8Zs_E8iifjnUGdyRWqpfcQKHyQV4tIkw/sendChatAction "HTTP/1.1 200 OK"
2025-07-17 05:58:01,559 - httpx - INFO - HTTP Request: POST https://api.telegram.org/bot7598007399:AAG8Zs_E8iifjnUGdyRWqpfcQKHyQV4tIkw/sendMessage "HTTP/1.1 200 OK"
2025-07-17 05:58:02,399 - httpx - INFO - HTTP Request: POST https://api.telegram.org/bot7598007399:AAG8Zs_E8iifjnUGdyRWqpfcQKHyQV4tIkw/editMessageText "HTTP/1.1 200 OK"
2025-07-17 05:58:02,738 - httpx - INFO - HTTP Request: POST https://api.telegram.org/bot7598007399:AAG8Zs_E8iifjnUGdyRWqpfcQKHyQV4tIkw/editMessageText "HTTP/1.1 200 OK"
2025-07-17 05:58:03,087 - httpx - INFO - HTTP Request: POST https://api.telegram.org/bot7598007399:AAG8Zs_E8iifjnUGdyRWqpfcQKHyQV4tIkw/sendMessage "HTTP/1.1 200 OK"
2025-07-17 05:58:05,049 - httpx - INFO - HTTP Request: POST https://api.telegram.org/bot7598007399:AAG8Zs_E8iifjnUGdyRWqpfcQKHyQV4tIkw/getUpdates "HTTP/1.1 200 OK"
2025-07-17 05:58:05,368 - httpx - INFO - HTTP Request: POST https://api.telegram.org/bot7598007399:AAG8Zs_E8iifjnUGdyRWqpfcQKHyQV4tIkw/sendMessage "HTTP/1.1 200 OK"
2025-07-17 05:58:06,355 - httpx - INFO - HTTP Request: POST https://api.telegram.org/bot7598007399:AAG8Zs_E8iifjnUGdyRWqpfcQKHyQV4tIkw/getUpdates "HTTP/1.1 200 OK"
2025-07-17 05:58:06,698 - httpx - INFO - HTTP Request: POST https://api.telegram.org/bot7598007399:AAG8Zs_E8iifjnUGdyRWqpfcQKHyQV4tIkw/answerCallbackQuery "HTTP/1.1 200 OK"
2025-07-17 05:58:07,028 - httpx - INFO - HTTP Request: POST https://api.telegram.org/bot7598007399:AAG8Zs_E8iifjnUGdyRWqpfcQKHyQV4tIkw/editMessageText "HTTP/1.1 200 OK"
2025-07-17 05:58:11,522 - httpx - INFO - HTTP Request: POST https://api.telegram.org/bot7598007399:AAG8Zs_E8iifjnUGdyRWqpfcQKHyQV4tIkw/getUpdates "HTTP/1.1 200 OK"
2025-07-17 05:58:11,832 - httpx - INFO - HTTP Request: POST https://api.telegram.org/bot7598007399:AAG8Zs_E8iifjnUGdyRWqpfcQKHyQV4tIkw/answerCallbackQuery "HTTP/1.1 200 OK"
2025-07-17 05:58:12,158 - httpx - INFO - HTTP Request: POST https://api.telegram.org/bot7598007399:AAG8Zs_E8iifjnUGdyRWqpfcQKHyQV4tIkw/editMessageText "HTTP/1.1 200 OK"
2025-07-17 05:58:12,994 - httpx - INFO - HTTP Request: POST https://api.telegram.org/bot7598007399:AAG8Zs_E8iifjnUGdyRWqpfcQKHyQV4tIkw/getUpdates "HTTP/1.1 200 OK"
2025-07-17 05:58:13,280 - httpx - INFO - HTTP Request: POST https://api.telegram.org/bot7598007399:AAG8Zs_E8iifjnUGdyRWqpfcQKHyQV4tIkw/answerCallbackQuery "HTTP/1.1 200 OK"
2025-07-17 05:58:13,575 - httpx - INFO - HTTP Request: POST https://api.telegram.org/bot7598007399:AAG8Zs_E8iifjnUGdyRWqpfcQKHyQV4tIkw/deleteMessage "HTTP/1.1 200 OK"
2025-07-17 05:58:13,884 - httpx - INFO - HTTP Request: POST https://api.telegram.org/bot7598007399:AAG8Zs_E8iifjnUGdyRWqpfcQKHyQV4tIkw/sendChatAction "HTTP/1.1 200 OK"
2025-07-17 05:58:14,201 - httpx - INFO - HTTP Request: POST https://api.telegram.org/bot7598007399:AAG8Zs_E8iifjnUGdyRWqpfcQKHyQV4tIkw/sendMessage "HTTP/1.1 200 OK"
2025-07-17 05:58:16,660 - httpx - INFO - HTTP Request: POST https://api.telegram.org/bot7598007399:AAG8Zs_E8iifjnUGdyRWqpfcQKHyQV4tIkw/getFile "HTTP/1.1 200 OK"
2025-07-17 05:58:16,847 - httpx - INFO - HTTP Request: GET https://api.telegram.org/file/bot7598007399%3AAAG8Zs_E8iifjnUGdyRWqpfcQKHyQV4tIkw/documents/file_4.pdf "HTTP/1.1 200 OK"
2025-07-17 05:58:17,843 - httpx - INFO - HTTP Request: POST https://api.telegram.org/bot7598007399:AAG8Zs_E8iifjnUGdyRWqpfcQKHyQV4tIkw/sendChatAction "HTTP/1.1 200 OK"
2025-07-17 05:58:18,195 - httpx - INFO - HTTP Request: POST https://api.telegram.org/bot7598007399:AAG8Zs_E8iifjnUGdyRWqpfcQKHyQV4tIkw/sendMessage "HTTP/1.1 200 OK"
